<?xml version="1.0" encoding="UTF-8"?>
<!-- Generated by org.testng.reporters.JUnitReportReporter -->
<testsuite hostname="DESKTOP-0JON43M" failures="0" tests="1" name="Tests.Logindetails" time="12.557" errors="0" timestamp="19 Oct 2022 11:35:28 GMT" skipped="0">
  <testcase classname="Tests.Logindetails" name="login" time="12.557"/>
</testsuite> <!-- Tests.Logindetails -->
